26-Sep-2022 16:19:10.838 정보 [main] org.apache.catalina.startup.VersionLoggerListener.log Server version:        Apache Tomcat/8.5.9
26-Sep-2022 16:19:10.840 정보 [main] org.apache.catalina.startup.VersionLoggerListener.log Server built:          Dec 5 2016 20:18:12 UTC
26-Sep-2022 16:19:10.840 정보 [main] org.apache.catalina.startup.VersionLoggerListener.log Server number:         8.5.9.0
26-Sep-2022 16:19:10.840 정보 [main] org.apache.catalina.startup.VersionLoggerListener.log OS Name:               Linux
26-Sep-2022 16:19:10.840 정보 [main] org.apache.catalina.startup.VersionLoggerListener.log OS Version:            5.4.0-117-generic
26-Sep-2022 16:19:10.840 정보 [main] org.apache.catalina.startup.VersionLoggerListener.log Architecture:          amd64
26-Sep-2022 16:19:10.841 정보 [main] org.apache.catalina.startup.VersionLoggerListener.log Java Home:             /usr/lib/jvm/java-8-openjdk-amd64/jre
26-Sep-2022 16:19:10.841 정보 [main] org.apache.catalina.startup.VersionLoggerListener.log JVM Version:           1.8.0_342-8u342-b07-0ubuntu1~20.04-b07
26-Sep-2022 16:19:10.841 정보 [main] org.apache.catalina.startup.VersionLoggerListener.log JVM Vendor:            Private Build
26-Sep-2022 16:19:10.841 정보 [main] org.apache.catalina.startup.VersionLoggerListener.log CATALINA_BASE:         /usr/tomcat
26-Sep-2022 16:19:10.841 정보 [main] org.apache.catalina.startup.VersionLoggerListener.log CATALINA_HOME:         /usr/tomcat
26-Sep-2022 16:19:10.841 정보 [main] org.apache.catalina.startup.VersionLoggerListener.log Command line argument: -Djava.util.logging.config.file=/usr/tomcat/conf/logging.properties
26-Sep-2022 16:19:10.841 정보 [main] org.apache.catalina.startup.VersionLoggerListener.log Command line argument: -Djava.util.logging.manager=org.apache.juli.ClassLoaderLogManager
26-Sep-2022 16:19:10.841 정보 [main] org.apache.catalina.startup.VersionLoggerListener.log Command line argument: -Djdk.tls.ephemeralDHKeySize=2048
26-Sep-2022 16:19:10.841 정보 [main] org.apache.catalina.startup.VersionLoggerListener.log Command line argument: -Djava.protocol.handler.pkgs=org.apache.catalina.webresources
26-Sep-2022 16:19:10.842 정보 [main] org.apache.catalina.startup.VersionLoggerListener.log Command line argument: -Dcatalina.base=/usr/tomcat
26-Sep-2022 16:19:10.842 정보 [main] org.apache.catalina.startup.VersionLoggerListener.log Command line argument: -Dcatalina.home=/usr/tomcat
26-Sep-2022 16:19:10.842 정보 [main] org.apache.catalina.startup.VersionLoggerListener.log Command line argument: -Djava.io.tmpdir=/usr/tomcat/temp
26-Sep-2022 16:19:10.842 정보 [main] org.apache.catalina.core.AprLifecycleListener.lifecycleEvent The APR based Apache Tomcat Native library which allows optimal performance in production environments was not found on the java.library.path: /usr/java/packages/lib/amd64:/usr/lib/x86_64-linux-gnu/jni:/lib/x86_64-linux-gnu:/usr/lib/x86_64-linux-gnu:/usr/lib/jni:/lib:/usr/lib
26-Sep-2022 16:19:10.904 정보 [main] org.apache.coyote.AbstractProtocol.init Initializing ProtocolHandler ["http-nio-8080"]
26-Sep-2022 16:19:10.921 정보 [main] org.apache.tomcat.util.net.NioSelectorPool.getSharedSelector Using a shared selector for servlet write/read
26-Sep-2022 16:19:10.922 정보 [main] org.apache.coyote.AbstractProtocol.init Initializing ProtocolHandler ["ajp-nio-8009"]
26-Sep-2022 16:19:10.942 정보 [main] org.apache.tomcat.util.net.NioSelectorPool.getSharedSelector Using a shared selector for servlet write/read
26-Sep-2022 16:19:10.942 정보 [main] org.apache.catalina.startup.Catalina.load Initialization processed in 359 ms
26-Sep-2022 16:19:10.961 정보 [main] org.apache.catalina.core.StandardService.startInternal Starting service Catalina
26-Sep-2022 16:19:10.961 정보 [main] org.apache.catalina.core.StandardEngine.startInternal Starting Servlet Engine: Apache Tomcat/8.5.9
26-Sep-2022 16:19:10.967 정보 [localhost-startStop-1] org.apache.catalina.startup.HostConfig.deployDirectory Deploying web application directory /usr/tomcat/webapps/host-manager
26-Sep-2022 16:19:11.142 정보 [localhost-startStop-1] org.apache.catalina.startup.HostConfig.deployDirectory Deployment of web application directory /usr/tomcat/webapps/host-manager has finished in 176 ms
26-Sep-2022 16:19:11.142 정보 [localhost-startStop-1] org.apache.catalina.startup.HostConfig.deployDirectory Deploying web application directory /usr/tomcat/webapps/docs
26-Sep-2022 16:19:11.149 정보 [localhost-startStop-1] org.apache.catalina.startup.HostConfig.deployDirectory Deployment of web application directory /usr/tomcat/webapps/docs has finished in 7 ms
26-Sep-2022 16:19:11.149 정보 [localhost-startStop-1] org.apache.catalina.startup.HostConfig.deployDirectory Deploying web application directory /usr/tomcat/webapps/ROOT
26-Sep-2022 16:19:11.156 정보 [localhost-startStop-1] org.apache.catalina.startup.HostConfig.deployDirectory Deployment of web application directory /usr/tomcat/webapps/ROOT has finished in 6 ms
26-Sep-2022 16:19:11.156 정보 [localhost-startStop-1] org.apache.catalina.startup.HostConfig.deployDirectory Deploying web application directory /usr/tomcat/webapps/examples
26-Sep-2022 16:19:11.246 정보 [localhost-startStop-1] org.apache.catalina.startup.HostConfig.deployDirectory Deployment of web application directory /usr/tomcat/webapps/examples has finished in 90 ms
26-Sep-2022 16:19:11.247 정보 [localhost-startStop-1] org.apache.catalina.startup.HostConfig.deployDirectory Deploying web application directory /usr/tomcat/webapps/manager
26-Sep-2022 16:19:11.262 정보 [localhost-startStop-1] org.apache.catalina.startup.HostConfig.deployDirectory Deployment of web application directory /usr/tomcat/webapps/manager has finished in 15 ms
26-Sep-2022 16:19:11.266 정보 [main] org.apache.coyote.AbstractProtocol.start Starting ProtocolHandler [http-nio-8080]
26-Sep-2022 16:19:11.275 정보 [main] org.apache.coyote.AbstractProtocol.start Starting ProtocolHandler [ajp-nio-8009]
26-Sep-2022 16:19:11.278 정보 [main] org.apache.catalina.startup.Catalina.start Server startup in 335 ms
